{"timestamp":"2026-05-25T18:41:00.315Z","level":"AUDIT","message":"User logged in","userId":"d1a9226e-75c9-4d5a-a529-5b989d6dd497","email":"admin@vendorportal.com","role":"mdm_admin","ip":"::1"}
{"timestamp":"2026-05-25T18:41:15.380Z","level":"AUDIT","message":"User logged in","userId":"72130729-78dc-49af-a622-eff761274e65","email":"procurement@vendorportal.com","role":"procurement_admin","ip":"::1"}
{"timestamp":"2026-05-25T18:46:02.937Z","level":"AUDIT","message":"User logged in","userId":"d1a9226e-75c9-4d5a-a529-5b989d6dd497","email":"admin@vendorportal.com","role":"mdm_admin","ip":"::1"}
{"timestamp":"2026-05-25T18:50:55.989Z","level":"AUDIT","message":"User logged in","userId":"d1a9226e-75c9-4d5a-a529-5b989d6dd497","email":"admin@vendorportal.com","role":"mdm_admin","ip":"::1"}
{"timestamp":"2026-05-25T18:51:32.697Z","level":"AUDIT","message":"User logged in","userId":"aac04255-efde-4a8a-924e-cf2335e09025","email":"vendor1@tatasteel.com","role":"vendor","ip":"::1"}
{"timestamp":"2026-05-25T18:52:09.788Z","level":"AUDIT","message":"User logged in","userId":"aac04255-efde-4a8a-924e-cf2335e09025","email":"vendor1@tatasteel.com","role":"vendor","ip":"::1"}
{"timestamp":"2026-05-25T18:52:48.766Z","level":"AUDIT","message":"User logged in","userId":"aac04255-efde-4a8a-924e-cf2335e09025","email":"vendor1@tatasteel.com","role":"vendor","ip":"::1"}
{"timestamp":"2026-05-26T04:09:42.481Z","level":"AUDIT","message":"User logged in","userId":"d1a9226e-75c9-4d5a-a529-5b989d6dd497","email":"admin@vendorportal.com","role":"mdm_admin","ip":"::1"}
{"timestamp":"2026-05-26T04:15:19.492Z","level":"AUDIT","message":"User logged in","userId":"aac04255-efde-4a8a-924e-cf2335e09025","email":"vendor1@tatasteel.com","role":"vendor","ip":"::1"}
{"timestamp":"2026-05-26T04:25:41.388Z","level":"AUDIT","message":"User logged in","userId":"d1a9226e-75c9-4d5a-a529-5b989d6dd497","email":"admin@vendorportal.com","role":"mdm_admin","ip":"::1"}
{"timestamp":"2026-05-26T04:34:32.958Z","level":"AUDIT","message":"User logged in","userId":"aac04255-efde-4a8a-924e-cf2335e09025","email":"vendor1@tatasteel.com","role":"vendor","ip":"::1"}
{"timestamp":"2026-05-26T04:45:55.028Z","level":"AUDIT","message":"User logged in","userId":"aac04255-efde-4a8a-924e-cf2335e09025","email":"vendor1@tatasteel.com","role":"vendor","ip":"::1"}
{"timestamp":"2026-05-26T04:47:23.290Z","level":"AUDIT","message":"User logged in","userId":"aac04255-efde-4a8a-924e-cf2335e09025","email":"vendor1@tatasteel.com","role":"vendor","ip":"::1"}
{"timestamp":"2026-05-26T04:47:45.811Z","level":"AUDIT","message":"User logged in","userId":"aac04255-efde-4a8a-924e-cf2335e09025","email":"vendor1@tatasteel.com","role":"vendor","ip":"::1"}
{"timestamp":"2026-05-26T04:51:43.717Z","level":"AUDIT","message":"User logged in","userId":"aac04255-efde-4a8a-924e-cf2335e09025","email":"vendor1@tatasteel.com","role":"vendor","ip":"::1"}
{"timestamp":"2026-05-26T05:03:09.709Z","level":"AUDIT","message":"User logged in","userId":"72130729-78dc-49af-a622-eff761274e65","email":"procurement@vendorportal.com","role":"procurement_admin","ip":"::1"}
{"timestamp":"2026-05-26T05:24:33.355Z","level":"AUDIT","message":"User logged in","userId":"d1a9226e-75c9-4d5a-a529-5b989d6dd497","email":"admin@vendorportal.com","role":"mdm_admin","ip":"::1"}
{"timestamp":"2026-05-26T05:26:37.138Z","level":"AUDIT","message":"User logged in","userId":"aac04255-efde-4a8a-924e-cf2335e09025","email":"vendor1@tatasteel.com","role":"vendor","ip":"::1"}
{"timestamp":"2026-05-26T05:28:03.314Z","level":"AUDIT","message":"User logged in","userId":"d1a9226e-75c9-4d5a-a529-5b989d6dd497","email":"admin@vendorportal.com","role":"mdm_admin","ip":"::1"}
{"timestamp":"2026-05-26T05:29:12.567Z","level":"AUDIT","message":"User logged in","userId":"aac04255-efde-4a8a-924e-cf2335e09025","email":"vendor1@tatasteel.com","role":"vendor","ip":"::1"}
{"timestamp":"2026-05-26T05:33:39.150Z","level":"AUDIT","message":"User logged in","userId":"72130729-78dc-49af-a622-eff761274e65","email":"procurement@vendorportal.com","role":"procurement_admin","ip":"::1"}
{"timestamp":"2026-05-26T09:49:36.739Z","level":"AUDIT","message":"User logged in","userId":"aac04255-efde-4a8a-924e-cf2335e09025","email":"vendor1@tatasteel.com","role":"vendor","ip":"::1"}
{"timestamp":"2026-05-26T09:51:19.336Z","level":"AUDIT","message":"User logged in","userId":"72130729-78dc-49af-a622-eff761274e65","email":"procurement@vendorportal.com","role":"procurement_admin","ip":"::1"}
{"timestamp":"2026-05-26T10:04:50.055Z","level":"AUDIT","message":"User logged in","userId":"aac04255-efde-4a8a-924e-cf2335e09025","email":"vendor1@tatasteel.com","role":"vendor","ip":"::1"}
{"timestamp":"2026-05-26T10:06:09.828Z","level":"AUDIT","message":"User logged in","userId":"d1a9226e-75c9-4d5a-a529-5b989d6dd497","email":"admin@vendorportal.com","role":"mdm_admin","ip":"::1"}
{"timestamp":"2026-05-26T10:08:12.214Z","level":"AUDIT","message":"User logged in","userId":"aac04255-efde-4a8a-924e-cf2335e09025","email":"vendor1@tatasteel.com","role":"vendor","ip":"::1"}
{"timestamp":"2026-05-26T10:10:02.416Z","level":"AUDIT","message":"User logged in","userId":"d1a9226e-75c9-4d5a-a529-5b989d6dd497","email":"admin@vendorportal.com","role":"mdm_admin","ip":"::1"}
{"timestamp":"2026-05-26T15:19:46.167Z","level":"AUDIT","message":"User logged in","userId":"aa98c762-7774-4fcb-80a4-d550d6d26b4f","email":"sysadmin@procuretrack.com","role":"system_admin","ip":"::1"}
{"timestamp":"2026-05-26T15:20:35.192Z","level":"AUDIT","message":"User logged in","userId":"d1a9226e-75c9-4d5a-a529-5b989d6dd497","email":"admin@vendorportal.com","role":"mdm_admin","ip":"::1"}
{"timestamp":"2026-05-26T15:23:29.958Z","level":"AUDIT","message":"User logged in","userId":"72130729-78dc-49af-a622-eff761274e65","email":"procurement@vendorportal.com","role":"procurement_admin","ip":"::1"}
{"timestamp":"2026-05-26T15:37:16.320Z","level":"AUDIT","message":"User logged in","userId":"aac04255-efde-4a8a-924e-cf2335e09025","email":"vendor1@tatasteel.com","role":"vendor","ip":"::1"}
{"timestamp":"2026-05-26T15:38:02.319Z","level":"AUDIT","message":"User logged in","userId":"72130729-78dc-49af-a622-eff761274e65","email":"procurement@vendorportal.com","role":"procurement_admin","ip":"::1"}
{"timestamp":"2026-05-26T19:04:06.073Z","level":"AUDIT","message":"User logged in","userId":"aac04255-efde-4a8a-924e-cf2335e09025","email":"vendor1@tatasteel.com","role":"vendor","ip":"::1"}
{"timestamp":"2026-05-26T19:06:16.244Z","level":"AUDIT","message":"User logged in","userId":"72130729-78dc-49af-a622-eff761274e65","email":"procurement@vendorportal.com","role":"procurement_admin","ip":"::1"}
{"timestamp":"2026-05-28T09:36:17.857Z","level":"AUDIT","message":"User logged in","userId":"aa98c762-7774-4fcb-80a4-d550d6d26b4f","email":"sysadmin@procuretrack.com","role":"system_admin","ip":"::1"}
{"timestamp":"2026-05-28T09:36:41.919Z","level":"AUDIT","message":"User logged in","userId":"72130729-78dc-49af-a622-eff761274e65","email":"procurement@vendorportal.com","role":"procurement_admin","ip":"::1"}
{"timestamp":"2026-05-28T09:38:22.258Z","level":"AUDIT","message":"User logged in","userId":"aac04255-efde-4a8a-924e-cf2335e09025","email":"vendor1@tatasteel.com","role":"vendor","ip":"::1"}
{"timestamp":"2026-05-28T09:38:54.693Z","level":"AUDIT","message":"User logged in","userId":"72130729-78dc-49af-a622-eff761274e65","email":"procurement@vendorportal.com","role":"procurement_admin","ip":"::1"}
{"timestamp":"2026-05-28T10:22:37.486Z","level":"AUDIT","message":"User logged in","userId":"d1a9226e-75c9-4d5a-a529-5b989d6dd497","email":"admin@vendorportal.com","role":"mdm_admin","ip":"::1"}
{"timestamp":"2026-05-28T10:25:33.775Z","level":"AUDIT","message":"User logged in","userId":"72130729-78dc-49af-a622-eff761274e65","email":"procurement@vendorportal.com","role":"procurement_admin","ip":"::1"}
{"timestamp":"2026-05-28T10:26:05.202Z","level":"AUDIT","message":"User logged in","userId":"72130729-78dc-49af-a622-eff761274e65","email":"procurement@vendorportal.com","role":"procurement_admin","ip":"::1"}
{"timestamp":"2026-05-28T11:26:44.708Z","level":"AUDIT","message":"User logged in","userId":"72130729-78dc-49af-a622-eff761274e65","email":"procurement@vendorportal.com","role":"procurement_admin","ip":"::1"}
{"timestamp":"2026-05-29T04:49:03.424Z","level":"AUDIT","message":"User logged in","userId":"72130729-78dc-49af-a622-eff761274e65","email":"procurement@vendorportal.com","role":"procurement_admin","ip":"::1"}
{"timestamp":"2026-05-29T05:38:51.883Z","level":"AUDIT","message":"User logged in","userId":"d1a9226e-75c9-4d5a-a529-5b989d6dd497","email":"admin@vendorportal.com","role":"mdm_admin","ip":"::1"}
{"timestamp":"2026-05-29T05:49:24.007Z","level":"AUDIT","message":"User logged in","userId":"aac04255-efde-4a8a-924e-cf2335e09025","email":"vendor1@tatasteel.com","role":"vendor","ip":"::1"}
{"timestamp":"2026-05-29T05:51:23.038Z","level":"AUDIT","message":"User logged in","userId":"d1a9226e-75c9-4d5a-a529-5b989d6dd497","email":"admin@vendorportal.com","role":"mdm_admin","ip":"::1"}
{"timestamp":"2026-05-29T05:53:32.305Z","level":"AUDIT","message":"User logged in","userId":"72130729-78dc-49af-a622-eff761274e65","email":"procurement@vendorportal.com","role":"procurement_admin","ip":"::1"}
{"timestamp":"2026-05-29T05:55:11.810Z","level":"AUDIT","message":"User logged in","userId":"aac04255-efde-4a8a-924e-cf2335e09025","email":"vendor1@tatasteel.com","role":"vendor","ip":"::1"}
{"timestamp":"2026-05-29T05:57:46.216Z","level":"AUDIT","message":"User logged in","userId":"72130729-78dc-49af-a622-eff761274e65","email":"procurement@vendorportal.com","role":"procurement_admin","ip":"::1"}
{"timestamp":"2026-05-29T06:12:47.368Z","level":"AUDIT","message":"User logged in","userId":"aac04255-efde-4a8a-924e-cf2335e09025","email":"vendor1@tatasteel.com","role":"vendor","ip":"::1"}
{"timestamp":"2026-05-29T15:52:57.295Z","level":"AUDIT","message":"User logged in","userId":"d1a9226e-75c9-4d5a-a529-5b989d6dd497","email":"admin@vendorportal.com","role":"mdm_admin","ip":"::1"}
{"timestamp":"2026-05-29T15:55:01.911Z","level":"AUDIT","message":"User logged in","userId":"72130729-78dc-49af-a622-eff761274e65","email":"procurement@vendorportal.com","role":"procurement_admin","ip":"::1"}
{"timestamp":"2026-06-17T08:16:14.555Z","level":"AUDIT","message":"User logged in","userId":"aa98c762-7774-4fcb-80a4-d550d6d26b4f","email":"sysadmin@procuretrack.com","role":"system_admin","ip":"::1"}
{"timestamp":"2026-06-17T08:23:12.135Z","level":"AUDIT","message":"User logged in","userId":"d1a9226e-75c9-4d5a-a529-5b989d6dd497","email":"admin@vendorportal.com","role":"mdm_admin","ip":"::1"}
{"timestamp":"2026-06-17T08:26:51.006Z","level":"AUDIT","message":"User logged in","userId":"aac04255-efde-4a8a-924e-cf2335e09025","email":"vendor1@tatasteel.com","role":"vendor","ip":"::1"}
{"timestamp":"2026-06-17T08:41:50.369Z","level":"AUDIT","message":"User logged in","userId":"72130729-78dc-49af-a622-eff761274e65","email":"procurement@vendorportal.com","role":"procurement_admin","ip":"::1"}
{"timestamp":"2026-06-17T08:41:57.398Z","level":"AUDIT","message":"User logged in","userId":"aac04255-efde-4a8a-924e-cf2335e09025","email":"vendor1@tatasteel.com","role":"vendor","ip":"::1"}
{"timestamp":"2026-06-17T08:42:06.135Z","level":"AUDIT","message":"User logged in","userId":"aa98c762-7774-4fcb-80a4-d550d6d26b4f","email":"sysadmin@procuretrack.com","role":"system_admin","ip":"::1"}
{"timestamp":"2026-06-17T08:42:40.346Z","level":"AUDIT","message":"User logged in","userId":"ef52ef4d-5876-4f0e-ad44-1c13082eb373","email":"raja@serenetechnology.in","role":"vendor","ip":"::1"}
{"timestamp":"2026-06-17T08:45:12.972Z","level":"AUDIT","message":"User logged in","userId":"d1a9226e-75c9-4d5a-a529-5b989d6dd497","email":"admin@vendorportal.com","role":"mdm_admin","ip":"::1"}
{"timestamp":"2026-06-17T08:50:20.930Z","level":"AUDIT","message":"User logged in","userId":"d1a9226e-75c9-4d5a-a529-5b989d6dd497","email":"admin@vendorportal.com","role":"mdm_admin","ip":"::1"}
{"timestamp":"2026-06-17T08:50:31.980Z","level":"AUDIT","message":"User logged in","userId":"d1a9226e-75c9-4d5a-a529-5b989d6dd497","email":"admin@vendorportal.com","role":"mdm_admin","ip":"::1"}
{"timestamp":"2026-06-17T08:52:27.128Z","level":"AUDIT","message":"User logged in","userId":"d1a9226e-75c9-4d5a-a529-5b989d6dd497","email":"admin@vendorportal.com","role":"mdm_admin","ip":"::1"}
{"timestamp":"2026-06-17T08:52:53.550Z","level":"AUDIT","message":"User logged in","userId":"d1a9226e-75c9-4d5a-a529-5b989d6dd497","email":"admin@vendorportal.com","role":"mdm_admin","ip":"::1"}
{"timestamp":"2026-06-17T08:52:53.607Z","level":"AUDIT","message":"User logged in","userId":"680c0e96-9aed-40ae-8c91-081d793ddc41","email":"vendor3@infosys.com","role":"vendor","ip":"::1"}
{"timestamp":"2026-06-17T08:53:05.065Z","level":"AUDIT","message":"User logged in","userId":"680c0e96-9aed-40ae-8c91-081d793ddc41","email":"vendor3@infosys.com","role":"vendor","ip":"::1"}
{"timestamp":"2026-06-17T08:53:20.744Z","level":"AUDIT","message":"User logged in","userId":"d1a9226e-75c9-4d5a-a529-5b989d6dd497","email":"admin@vendorportal.com","role":"mdm_admin","ip":"::1"}
{"timestamp":"2026-06-17T09:15:03.697Z","level":"AUDIT","message":"User logged in","userId":"680c0e96-9aed-40ae-8c91-081d793ddc41","email":"vendor3@infosys.com","role":"vendor","ip":"::1"}
{"timestamp":"2026-06-17T09:15:03.748Z","level":"AUDIT","message":"User logged in","userId":"d1a9226e-75c9-4d5a-a529-5b989d6dd497","email":"admin@vendorportal.com","role":"mdm_admin","ip":"::1"}
{"timestamp":"2026-06-17T09:15:18.945Z","level":"AUDIT","message":"User logged in","userId":"d1a9226e-75c9-4d5a-a529-5b989d6dd497","email":"admin@vendorportal.com","role":"mdm_admin","ip":"::1"}
{"timestamp":"2026-06-17T09:15:41.971Z","level":"AUDIT","message":"User logged in","userId":"aa98c762-7774-4fcb-80a4-d550d6d26b4f","email":"sysadmin@procuretrack.com","role":"system_admin","ip":"::1"}
{"timestamp":"2026-06-17T09:16:11.062Z","level":"AUDIT","message":"User logged in","userId":"aac04255-efde-4a8a-924e-cf2335e09025","email":"vendor1@tatasteel.com","role":"vendor","ip":"::1"}
{"timestamp":"2026-06-17T09:16:30.711Z","level":"AUDIT","message":"User logged in","userId":"ef52ef4d-5876-4f0e-ad44-1c13082eb373","email":"raja@serenetechnology.in","role":"vendor","ip":"::1"}
{"timestamp":"2026-06-17T09:18:18.466Z","level":"AUDIT","message":"User logged in","userId":"72130729-78dc-49af-a622-eff761274e65","email":"procurement@vendorportal.com","role":"procurement_admin","ip":"::1"}
{"timestamp":"2026-06-17T09:20:18.608Z","level":"AUDIT","message":"User logged in","userId":"72130729-78dc-49af-a622-eff761274e65","email":"procurement@vendorportal.com","role":"procurement_admin","ip":"::1"}
{"timestamp":"2026-06-17T10:47:08.399Z","level":"AUDIT","message":"User logged in","userId":"d1a9226e-75c9-4d5a-a529-5b989d6dd497","email":"admin@vendorportal.com","role":"mdm_admin","ip":"::1"}
{"timestamp":"2026-06-17T10:55:49.744Z","level":"AUDIT","message":"User logged in","userId":"d1a9226e-75c9-4d5a-a529-5b989d6dd497","email":"admin@vendorportal.com","role":"mdm_admin","ip":"::1"}
{"timestamp":"2026-06-17T11:09:02.073Z","level":"AUDIT","message":"User logged in","userId":"d1a9226e-75c9-4d5a-a529-5b989d6dd497","email":"admin@vendorportal.com","role":"mdm_admin","ip":"::1"}
{"timestamp":"2026-06-17T11:10:01.181Z","level":"AUDIT","message":"User logged in","userId":"d1a9226e-75c9-4d5a-a529-5b989d6dd497","email":"admin@vendorportal.com","role":"mdm_admin","ip":"::1"}
{"timestamp":"2026-06-17T11:10:34.447Z","level":"AUDIT","message":"User logged in","userId":"d1a9226e-75c9-4d5a-a529-5b989d6dd497","email":"admin@vendorportal.com","role":"mdm_admin","ip":"::1"}
{"timestamp":"2026-06-17T11:10:43.973Z","level":"AUDIT","message":"User logged in","userId":"d1a9226e-75c9-4d5a-a529-5b989d6dd497","email":"admin@vendorportal.com","role":"mdm_admin","ip":"::1"}
{"timestamp":"2026-06-17T11:15:14.398Z","level":"AUDIT","message":"User logged in","userId":"d1a9226e-75c9-4d5a-a529-5b989d6dd497","email":"admin@vendorportal.com","role":"mdm_admin","ip":"::1"}
{"timestamp":"2026-06-17T11:16:20.440Z","level":"AUDIT","message":"User logged in","userId":"d1a9226e-75c9-4d5a-a529-5b989d6dd497","email":"admin@vendorportal.com","role":"mdm_admin","ip":"::1"}
{"timestamp":"2026-06-17T11:16:24.419Z","level":"AUDIT","message":"User logged in","userId":"680c0e96-9aed-40ae-8c91-081d793ddc41","email":"vendor3@infosys.com","role":"vendor","ip":"::1"}
{"timestamp":"2026-06-18T09:08:15.333Z","level":"AUDIT","message":"User logged in","userId":"aa98c762-7774-4fcb-80a4-d550d6d26b4f","email":"sysadmin@procuretrack.com","role":"system_admin","ip":"::1"}
{"timestamp":"2026-06-18T09:08:22.970Z","level":"AUDIT","message":"User logged in","userId":"d1a9226e-75c9-4d5a-a529-5b989d6dd497","email":"admin@vendorportal.com","role":"mdm_admin","ip":"::1"}
{"timestamp":"2026-06-18T09:19:09.587Z","level":"AUDIT","message":"User logged in","userId":"72130729-78dc-49af-a622-eff761274e65","email":"procurement@vendorportal.com","role":"procurement_admin","ip":"::1"}
{"timestamp":"2026-06-18T10:28:06.537Z","level":"AUDIT","message":"User logged in","userId":"d1a9226e-75c9-4d5a-a529-5b989d6dd497","email":"admin@vendorportal.com","role":"mdm_admin","ip":"::1"}
{"timestamp":"2026-06-18T10:29:08.663Z","level":"AUDIT","message":"User logged in","userId":"d1a9226e-75c9-4d5a-a529-5b989d6dd497","email":"admin@vendorportal.com","role":"mdm_admin","ip":"::1"}
{"timestamp":"2026-06-18T10:35:39.501Z","level":"AUDIT","message":"User logged in","userId":"72130729-78dc-49af-a622-eff761274e65","email":"procurement@vendorportal.com","role":"procurement_admin","ip":"::1"}
{"timestamp":"2026-06-18T10:36:06.532Z","level":"AUDIT","message":"User logged in","userId":"d1a9226e-75c9-4d5a-a529-5b989d6dd497","email":"admin@vendorportal.com","role":"mdm_admin","ip":"::1"}
{"timestamp":"2026-06-18T10:37:27.047Z","level":"AUDIT","message":"User logged in","userId":"8a733c27-41a8-41c1-ae87-e29f8af6049a","email":"gaptest-vendor@example.com","role":"vendor","ip":"::1"}
{"timestamp":"2026-06-18T10:38:24.594Z","level":"AUDIT","message":"User logged in","userId":"8a733c27-41a8-41c1-ae87-e29f8af6049a","email":"gaptest-vendor@example.com","role":"vendor","ip":"::1"}
{"timestamp":"2026-06-18T10:41:41.328Z","level":"AUDIT","message":"User logged in","userId":"72130729-78dc-49af-a622-eff761274e65","email":"procurement@vendorportal.com","role":"procurement_admin","ip":"::1"}
{"timestamp":"2026-06-18T12:58:04.113Z","level":"AUDIT","message":"User logged in","userId":"aa98c762-7774-4fcb-80a4-d550d6d26b4f","email":"sysadmin@procuretrack.com","role":"system_admin","ip":"::1"}
{"timestamp":"2026-06-18T12:58:41.341Z","level":"AUDIT","message":"User logged in","userId":"0930dc1b-c382-419b-a858-6b857596e9b0","email":"raja12@serenetechnology.in","role":"vendor","ip":"::1"}
{"timestamp":"2026-06-18T13:01:05.080Z","level":"AUDIT","message":"User logged in","userId":"72130729-78dc-49af-a622-eff761274e65","email":"procurement@vendorportal.com","role":"procurement_admin","ip":"::1"}
{"timestamp":"2026-06-18T13:01:48.401Z","level":"AUDIT","message":"User logged in","userId":"d1a9226e-75c9-4d5a-a529-5b989d6dd497","email":"admin@vendorportal.com","role":"mdm_admin","ip":"::1"}
{"timestamp":"2026-06-18T13:02:00.796Z","level":"AUDIT","message":"User logged in","userId":"72130729-78dc-49af-a622-eff761274e65","email":"procurement@vendorportal.com","role":"procurement_admin","ip":"::1"}
{"timestamp":"2026-06-18T13:18:15.007Z","level":"AUDIT","message":"User logged in","userId":"ef52ef4d-5876-4f0e-ad44-1c13082eb373","email":"raja@serenetechnology.in","role":"vendor","ip":"::1"}
{"timestamp":"2026-06-18T13:19:38.202Z","level":"AUDIT","message":"User logged in","userId":"0930dc1b-c382-419b-a858-6b857596e9b0","email":"raja12@serenetechnology.in","role":"vendor","ip":"::1"}
{"timestamp":"2026-06-18T13:22:01.468Z","level":"AUDIT","message":"User logged in","userId":"72130729-78dc-49af-a622-eff761274e65","email":"procurement@vendorportal.com","role":"procurement_admin","ip":"::1"}
{"timestamp":"2026-06-18T15:11:42.030Z","level":"AUDIT","message":"User logged in","userId":"d85fa51a-9649-4587-87eb-53e3e8061cc9","email":"rfqprivacy@example.com","role":"vendor","ip":"::1"}
{"timestamp":"2026-06-18T15:42:38.563Z","level":"AUDIT","message":"User logged in","userId":"d1a9226e-75c9-4d5a-a529-5b989d6dd497","email":"admin@vendorportal.com","role":"mdm_admin","ip":"::1"}
{"timestamp":"2026-06-18T15:42:38.701Z","level":"AUDIT","message":"User logged in","userId":"2c28e922-05f1-4b94-bdfd-9aad126afc7b","email":"vapttest@example.com","role":"vendor","ip":"::1"}
{"timestamp":"2026-06-18T15:43:25.181Z","level":"AUDIT","message":"User logged in","userId":"d1a9226e-75c9-4d5a-a529-5b989d6dd497","email":"admin@vendorportal.com","role":"mdm_admin","ip":"::1"}
{"timestamp":"2026-06-18T15:43:25.232Z","level":"AUDIT","message":"User logged in","userId":"72130729-78dc-49af-a622-eff761274e65","email":"procurement@vendorportal.com","role":"procurement_admin","ip":"::1"}
