{"timestamp":"2026-06-27T18:00:40.594Z","level":"SECURITY","message":"Running with the insecure default JWT_SECRET — set a unique JWT_SECRET env var before deploying to production"}
{"timestamp":"2026-06-27T18:03:02.348Z","level":"SECURITY","message":"Failed login attempt - user not found","email":"raja@serenetechnology.in","ip":"::1"}
{"timestamp":"2026-06-27T18:03:46.589Z","level":"SECURITY","message":"Failed login attempt - wrong password","email":"raja@serentechnology.in","ip":"::1","userId":"3e0a0116-0d97-4465-aaee-f8ecd352eba3"}
{"timestamp":"2026-06-27T18:08:04.976Z","level":"SECURITY","message":"Running with the insecure default JWT_SECRET — set a unique JWT_SECRET env var before deploying to production"}
{"timestamp":"2026-06-27T18:08:25.084Z","level":"SECURITY","message":"Running with the insecure default JWT_SECRET — set a unique JWT_SECRET env var before deploying to production"}
{"timestamp":"2026-06-27T18:23:37.521Z","level":"SECURITY","message":"Failed login attempt - user not found","email":"raja@serenetechnology.in","ip":"::1"}
{"timestamp":"2026-06-28T02:36:26.761Z","level":"SECURITY","message":"Running with the insecure default JWT_SECRET — set a unique JWT_SECRET env var before deploying to production"}
{"timestamp":"2026-06-28T02:36:39.046Z","level":"SECURITY","message":"Running with the insecure default JWT_SECRET — set a unique JWT_SECRET env var before deploying to production"}
{"timestamp":"2026-06-28T02:41:14.433Z","level":"SECURITY","message":"Running with the insecure default JWT_SECRET — set a unique JWT_SECRET env var before deploying to production"}
{"timestamp":"2026-06-28T02:41:16.077Z","level":"SECURITY","message":"Running with the insecure default JWT_SECRET — set a unique JWT_SECRET env var before deploying to production"}
{"timestamp":"2026-06-28T02:41:23.483Z","level":"SECURITY","message":"Running with the insecure default JWT_SECRET — set a unique JWT_SECRET env var before deploying to production"}
{"timestamp":"2026-06-28T02:41:23.572Z","level":"SECURITY","message":"Running with the insecure default JWT_SECRET — set a unique JWT_SECRET env var before deploying to production"}
{"timestamp":"2026-06-28T02:41:30.266Z","level":"SECURITY","message":"Running with the insecure default JWT_SECRET — set a unique JWT_SECRET env var before deploying to production"}
{"timestamp":"2026-06-28T02:41:40.690Z","level":"SECURITY","message":"Running with the insecure default JWT_SECRET — set a unique JWT_SECRET env var before deploying to production"}
{"timestamp":"2026-06-28T02:41:46.532Z","level":"SECURITY","message":"Running with the insecure default JWT_SECRET — set a unique JWT_SECRET env var before deploying to production"}
{"timestamp":"2026-06-28T02:41:48.472Z","level":"SECURITY","message":"Running with the insecure default JWT_SECRET — set a unique JWT_SECRET env var before deploying to production"}
{"timestamp":"2026-06-28T02:55:18.451Z","level":"SECURITY","message":"Running with the insecure default JWT_SECRET — set a unique JWT_SECRET env var before deploying to production"}
{"timestamp":"2026-06-28T02:55:30.544Z","level":"SECURITY","message":"Running with the insecure default JWT_SECRET — set a unique JWT_SECRET env var before deploying to production"}
{"timestamp":"2026-06-28T02:55:31.325Z","level":"SECURITY","message":"Running with the insecure default JWT_SECRET — set a unique JWT_SECRET env var before deploying to production"}
{"timestamp":"2026-06-28T02:55:41.239Z","level":"SECURITY","message":"Running with the insecure default JWT_SECRET — set a unique JWT_SECRET env var before deploying to production"}
{"timestamp":"2026-06-28T02:55:43.020Z","level":"SECURITY","message":"Running with the insecure default JWT_SECRET — set a unique JWT_SECRET env var before deploying to production"}
{"timestamp":"2026-06-28T02:55:56.372Z","level":"SECURITY","message":"Running with the insecure default JWT_SECRET — set a unique JWT_SECRET env var before deploying to production"}
{"timestamp":"2026-06-28T02:56:20.583Z","level":"SECURITY","message":"Running with the insecure default JWT_SECRET — set a unique JWT_SECRET env var before deploying to production"}
{"timestamp":"2026-06-28T02:59:23.129Z","level":"SECURITY","message":"Running with the insecure default JWT_SECRET — set a unique JWT_SECRET env var before deploying to production"}
{"timestamp":"2026-06-28T02:59:33.240Z","level":"SECURITY","message":"Running with the insecure default JWT_SECRET — set a unique JWT_SECRET env var before deploying to production"}
{"timestamp":"2026-06-28T02:59:33.300Z","level":"SECURITY","message":"Running with the insecure default JWT_SECRET — set a unique JWT_SECRET env var before deploying to production"}
{"timestamp":"2026-06-28T09:29:33.301Z","level":"SECURITY","message":"Running with the insecure default JWT_SECRET — set a unique JWT_SECRET env var before deploying to production"}
{"timestamp":"2026-06-28T09:29:49.570Z","level":"SECURITY","message":"Running with the insecure default JWT_SECRET — set a unique JWT_SECRET env var before deploying to production"}
{"timestamp":"2026-06-28T09:29:56.168Z","level":"SECURITY","message":"Running with the insecure default JWT_SECRET — set a unique JWT_SECRET env var before deploying to production"}
{"timestamp":"2026-06-28T09:30:05.808Z","level":"SECURITY","message":"Running with the insecure default JWT_SECRET — set a unique JWT_SECRET env var before deploying to production"}
{"timestamp":"2026-06-28T09:30:20.735Z","level":"SECURITY","message":"Running with the insecure default JWT_SECRET — set a unique JWT_SECRET env var before deploying to production"}
{"timestamp":"2026-06-28T09:30:31.197Z","level":"SECURITY","message":"Running with the insecure default JWT_SECRET — set a unique JWT_SECRET env var before deploying to production"}
{"timestamp":"2026-06-28T09:30:31.267Z","level":"SECURITY","message":"Running with the insecure default JWT_SECRET — set a unique JWT_SECRET env var before deploying to production"}
{"timestamp":"2026-06-28T09:33:46.052Z","level":"SECURITY","message":"Running with the insecure default JWT_SECRET — set a unique JWT_SECRET env var before deploying to production"}
{"timestamp":"2026-06-28T09:33:59.745Z","level":"SECURITY","message":"Running with the insecure default JWT_SECRET — set a unique JWT_SECRET env var before deploying to production"}
{"timestamp":"2026-06-28T09:34:08.585Z","level":"SECURITY","message":"Running with the insecure default JWT_SECRET — set a unique JWT_SECRET env var before deploying to production"}
{"timestamp":"2026-06-28T09:34:14.609Z","level":"SECURITY","message":"Running with the insecure default JWT_SECRET — set a unique JWT_SECRET env var before deploying to production"}
{"timestamp":"2026-06-28T09:34:20.446Z","level":"SECURITY","message":"Running with the insecure default JWT_SECRET — set a unique JWT_SECRET env var before deploying to production"}
{"timestamp":"2026-06-28T09:34:38.453Z","level":"SECURITY","message":"Running with the insecure default JWT_SECRET — set a unique JWT_SECRET env var before deploying to production"}
{"timestamp":"2026-06-28T09:34:41.698Z","level":"SECURITY","message":"Running with the insecure default JWT_SECRET — set a unique JWT_SECRET env var before deploying to production"}
{"timestamp":"2026-06-28T09:34:51.580Z","level":"SECURITY","message":"Running with the insecure default JWT_SECRET — set a unique JWT_SECRET env var before deploying to production"}
{"timestamp":"2026-06-28T09:34:52.712Z","level":"SECURITY","message":"Running with the insecure default JWT_SECRET — set a unique JWT_SECRET env var before deploying to production"}
{"timestamp":"2026-06-28T09:35:02.710Z","level":"SECURITY","message":"Running with the insecure default JWT_SECRET — set a unique JWT_SECRET env var before deploying to production"}
{"timestamp":"2026-06-28T09:35:08.026Z","level":"SECURITY","message":"Running with the insecure default JWT_SECRET — set a unique JWT_SECRET env var before deploying to production"}
{"timestamp":"2026-06-28T09:35:17.151Z","level":"SECURITY","message":"Running with the insecure default JWT_SECRET — set a unique JWT_SECRET env var before deploying to production"}
{"timestamp":"2026-06-28T09:35:38.358Z","level":"SECURITY","message":"Running with the insecure default JWT_SECRET — set a unique JWT_SECRET env var before deploying to production"}
{"timestamp":"2026-06-28T09:35:54.683Z","level":"SECURITY","message":"Running with the insecure default JWT_SECRET — set a unique JWT_SECRET env var before deploying to production"}
{"timestamp":"2026-06-28T09:36:06.274Z","level":"SECURITY","message":"Running with the insecure default JWT_SECRET — set a unique JWT_SECRET env var before deploying to production"}
{"timestamp":"2026-06-28T09:37:59.096Z","level":"SECURITY","message":"Running with the insecure default JWT_SECRET — set a unique JWT_SECRET env var before deploying to production"}
{"timestamp":"2026-06-28T09:40:39.804Z","level":"SECURITY","message":"Running with the insecure default JWT_SECRET — set a unique JWT_SECRET env var before deploying to production"}
{"timestamp":"2026-06-28T09:40:39.804Z","level":"SECURITY","message":"Running with the insecure default JWT_SECRET — set a unique JWT_SECRET env var before deploying to production"}
{"timestamp":"2026-06-28T09:40:44.421Z","level":"SECURITY","message":"Running with the insecure default JWT_SECRET — set a unique JWT_SECRET env var before deploying to production"}
{"timestamp":"2026-06-28T09:40:44.421Z","level":"SECURITY","message":"Running with the insecure default JWT_SECRET — set a unique JWT_SECRET env var before deploying to production"}
{"timestamp":"2026-06-28T09:40:58.185Z","level":"SECURITY","message":"Running with the insecure default JWT_SECRET — set a unique JWT_SECRET env var before deploying to production"}
{"timestamp":"2026-06-28T09:40:58.185Z","level":"SECURITY","message":"Running with the insecure default JWT_SECRET — set a unique JWT_SECRET env var before deploying to production"}
{"timestamp":"2026-06-28T09:41:10.010Z","level":"SECURITY","message":"Running with the insecure default JWT_SECRET — set a unique JWT_SECRET env var before deploying to production"}
{"timestamp":"2026-06-28T09:41:10.010Z","level":"SECURITY","message":"Running with the insecure default JWT_SECRET — set a unique JWT_SECRET env var before deploying to production"}
{"timestamp":"2026-06-28T09:41:18.834Z","level":"SECURITY","message":"Running with the insecure default JWT_SECRET — set a unique JWT_SECRET env var before deploying to production"}
{"timestamp":"2026-06-28T09:41:18.834Z","level":"SECURITY","message":"Running with the insecure default JWT_SECRET — set a unique JWT_SECRET env var before deploying to production"}
{"timestamp":"2026-06-28T09:41:29.768Z","level":"SECURITY","message":"Running with the insecure default JWT_SECRET — set a unique JWT_SECRET env var before deploying to production"}
{"timestamp":"2026-06-28T09:41:29.768Z","level":"SECURITY","message":"Running with the insecure default JWT_SECRET — set a unique JWT_SECRET env var before deploying to production"}
{"timestamp":"2026-06-28T09:41:33.103Z","level":"SECURITY","message":"Running with the insecure default JWT_SECRET — set a unique JWT_SECRET env var before deploying to production"}
{"timestamp":"2026-06-28T09:41:33.103Z","level":"SECURITY","message":"Running with the insecure default JWT_SECRET — set a unique JWT_SECRET env var before deploying to production"}
{"timestamp":"2026-06-28T09:41:40.619Z","level":"SECURITY","message":"Running with the insecure default JWT_SECRET — set a unique JWT_SECRET env var before deploying to production"}
{"timestamp":"2026-06-28T09:41:40.619Z","level":"SECURITY","message":"Running with the insecure default JWT_SECRET — set a unique JWT_SECRET env var before deploying to production"}
{"timestamp":"2026-06-28T09:41:41.425Z","level":"SECURITY","message":"Running with the insecure default JWT_SECRET — set a unique JWT_SECRET env var before deploying to production"}
{"timestamp":"2026-06-28T09:41:41.425Z","level":"SECURITY","message":"Running with the insecure default JWT_SECRET — set a unique JWT_SECRET env var before deploying to production"}
{"timestamp":"2026-06-28T09:41:41.532Z","level":"SECURITY","message":"Running with the insecure default JWT_SECRET — set a unique JWT_SECRET env var before deploying to production"}
{"timestamp":"2026-06-28T09:41:41.532Z","level":"SECURITY","message":"Running with the insecure default JWT_SECRET — set a unique JWT_SECRET env var before deploying to production"}
{"timestamp":"2026-06-28T09:41:48.978Z","level":"SECURITY","message":"Running with the insecure default JWT_SECRET — set a unique JWT_SECRET env var before deploying to production"}
{"timestamp":"2026-06-28T09:41:48.978Z","level":"SECURITY","message":"Running with the insecure default JWT_SECRET — set a unique JWT_SECRET env var before deploying to production"}
{"timestamp":"2026-06-28T09:41:59.806Z","level":"SECURITY","message":"Running with the insecure default JWT_SECRET — set a unique JWT_SECRET env var before deploying to production"}
{"timestamp":"2026-06-28T09:41:59.805Z","level":"SECURITY","message":"Running with the insecure default JWT_SECRET — set a unique JWT_SECRET env var before deploying to production"}
{"timestamp":"2026-06-28T09:42:12.313Z","level":"SECURITY","message":"Running with the insecure default JWT_SECRET — set a unique JWT_SECRET env var before deploying to production"}
{"timestamp":"2026-06-28T09:42:12.313Z","level":"SECURITY","message":"Running with the insecure default JWT_SECRET — set a unique JWT_SECRET env var before deploying to production"}
{"timestamp":"2026-06-28T09:42:21.519Z","level":"SECURITY","message":"Running with the insecure default JWT_SECRET — set a unique JWT_SECRET env var before deploying to production"}
{"timestamp":"2026-06-28T09:42:21.519Z","level":"SECURITY","message":"Running with the insecure default JWT_SECRET — set a unique JWT_SECRET env var before deploying to production"}
{"timestamp":"2026-06-28T09:42:22.799Z","level":"SECURITY","message":"Running with the insecure default JWT_SECRET — set a unique JWT_SECRET env var before deploying to production"}
{"timestamp":"2026-06-28T09:42:22.799Z","level":"SECURITY","message":"Running with the insecure default JWT_SECRET — set a unique JWT_SECRET env var before deploying to production"}
{"timestamp":"2026-06-28T09:42:28.487Z","level":"SECURITY","message":"Running with the insecure default JWT_SECRET — set a unique JWT_SECRET env var before deploying to production"}
{"timestamp":"2026-06-28T09:42:28.487Z","level":"SECURITY","message":"Running with the insecure default JWT_SECRET — set a unique JWT_SECRET env var before deploying to production"}
{"timestamp":"2026-06-28T09:42:35.223Z","level":"SECURITY","message":"Running with the insecure default JWT_SECRET — set a unique JWT_SECRET env var before deploying to production"}
{"timestamp":"2026-06-28T09:42:35.223Z","level":"SECURITY","message":"Running with the insecure default JWT_SECRET — set a unique JWT_SECRET env var before deploying to production"}
{"timestamp":"2026-06-28T09:42:51.207Z","level":"SECURITY","message":"Running with the insecure default JWT_SECRET — set a unique JWT_SECRET env var before deploying to production"}
{"timestamp":"2026-06-28T09:42:51.207Z","level":"SECURITY","message":"Running with the insecure default JWT_SECRET — set a unique JWT_SECRET env var before deploying to production"}
{"timestamp":"2026-06-28T10:52:56.463Z","level":"SECURITY","message":"Running with the insecure default JWT_SECRET — set a unique JWT_SECRET env var before deploying to production"}
{"timestamp":"2026-06-28T10:52:56.463Z","level":"SECURITY","message":"Running with the insecure default JWT_SECRET — set a unique JWT_SECRET env var before deploying to production"}
{"timestamp":"2026-06-28T10:53:10.414Z","level":"SECURITY","message":"Running with the insecure default JWT_SECRET — set a unique JWT_SECRET env var before deploying to production"}
{"timestamp":"2026-06-28T10:53:10.414Z","level":"SECURITY","message":"Running with the insecure default JWT_SECRET — set a unique JWT_SECRET env var before deploying to production"}
{"timestamp":"2026-06-28T10:54:56.682Z","level":"SECURITY","message":"Running with the insecure default JWT_SECRET — set a unique JWT_SECRET env var before deploying to production"}
{"timestamp":"2026-06-28T10:54:56.683Z","level":"SECURITY","message":"Running with the insecure default JWT_SECRET — set a unique JWT_SECRET env var before deploying to production"}
{"timestamp":"2026-06-28T10:55:12.958Z","level":"SECURITY","message":"Running with the insecure default JWT_SECRET — set a unique JWT_SECRET env var before deploying to production"}
{"timestamp":"2026-06-28T10:55:12.958Z","level":"SECURITY","message":"Running with the insecure default JWT_SECRET — set a unique JWT_SECRET env var before deploying to production"}
{"timestamp":"2026-06-28T10:55:31.350Z","level":"SECURITY","message":"Running with the insecure default JWT_SECRET — set a unique JWT_SECRET env var before deploying to production"}
{"timestamp":"2026-06-28T10:55:31.350Z","level":"SECURITY","message":"Running with the insecure default JWT_SECRET — set a unique JWT_SECRET env var before deploying to production"}
{"timestamp":"2026-06-28T10:55:32.411Z","level":"SECURITY","message":"Running with the insecure default JWT_SECRET — set a unique JWT_SECRET env var before deploying to production"}
{"timestamp":"2026-06-28T10:55:32.411Z","level":"SECURITY","message":"Running with the insecure default JWT_SECRET — set a unique JWT_SECRET env var before deploying to production"}
{"timestamp":"2026-06-28T10:57:36.642Z","level":"SECURITY","message":"Running with the insecure default JWT_SECRET — set a unique JWT_SECRET env var before deploying to production"}
{"timestamp":"2026-06-28T10:57:36.642Z","level":"SECURITY","message":"Running with the insecure default JWT_SECRET — set a unique JWT_SECRET env var before deploying to production"}
{"timestamp":"2026-06-28T10:57:52.091Z","level":"SECURITY","message":"Running with the insecure default JWT_SECRET — set a unique JWT_SECRET env var before deploying to production"}
{"timestamp":"2026-06-28T10:57:52.091Z","level":"SECURITY","message":"Running with the insecure default JWT_SECRET — set a unique JWT_SECRET env var before deploying to production"}
{"timestamp":"2026-06-28T10:57:53.497Z","level":"SECURITY","message":"Running with the insecure default JWT_SECRET — set a unique JWT_SECRET env var before deploying to production"}
{"timestamp":"2026-06-28T10:57:53.498Z","level":"SECURITY","message":"Running with the insecure default JWT_SECRET — set a unique JWT_SECRET env var before deploying to production"}
{"timestamp":"2026-06-28T10:58:06.827Z","level":"SECURITY","message":"Running with the insecure default JWT_SECRET — set a unique JWT_SECRET env var before deploying to production"}
{"timestamp":"2026-06-28T10:58:06.827Z","level":"SECURITY","message":"Running with the insecure default JWT_SECRET — set a unique JWT_SECRET env var before deploying to production"}
{"timestamp":"2026-06-28T10:58:14.965Z","level":"SECURITY","message":"Running with the insecure default JWT_SECRET — set a unique JWT_SECRET env var before deploying to production"}
{"timestamp":"2026-06-28T10:58:14.969Z","level":"SECURITY","message":"Running with the insecure default JWT_SECRET — set a unique JWT_SECRET env var before deploying to production"}
{"timestamp":"2026-06-28T10:58:18.266Z","level":"SECURITY","message":"Running with the insecure default JWT_SECRET — set a unique JWT_SECRET env var before deploying to production"}
{"timestamp":"2026-06-28T10:58:18.266Z","level":"SECURITY","message":"Running with the insecure default JWT_SECRET — set a unique JWT_SECRET env var before deploying to production"}
{"timestamp":"2026-06-28T10:58:25.613Z","level":"SECURITY","message":"Running with the insecure default JWT_SECRET — set a unique JWT_SECRET env var before deploying to production"}
{"timestamp":"2026-06-28T10:58:25.613Z","level":"SECURITY","message":"Running with the insecure default JWT_SECRET — set a unique JWT_SECRET env var before deploying to production"}
{"timestamp":"2026-06-28T11:13:28.788Z","level":"SECURITY","message":"Failed login attempt - wrong password","email":"procurement@vendorportal.com","ip":"::1","userId":"ec2a2aad-9b0d-4a91-8b59-13c673002917"}
{"timestamp":"2026-06-28T11:47:12.930Z","level":"SECURITY","message":"Running with the insecure default JWT_SECRET — set a unique JWT_SECRET env var before deploying to production"}
{"timestamp":"2026-06-28T12:30:18.148Z","level":"SECURITY","message":"Failed login attempt - wrong password","email":"procurement@vendorportal.com","ip":"::1","userId":"ec2a2aad-9b0d-4a91-8b59-13c673002917"}
{"timestamp":"2026-06-28T12:41:01.536Z","level":"SECURITY","message":"Running with the insecure default JWT_SECRET — set a unique JWT_SECRET env var before deploying to production"}
{"timestamp":"2026-06-28T12:41:01.536Z","level":"SECURITY","message":"Running with the insecure default JWT_SECRET — set a unique JWT_SECRET env var before deploying to production"}
{"timestamp":"2026-06-28T12:47:30.002Z","level":"SECURITY","message":"Running with the insecure default JWT_SECRET — set a unique JWT_SECRET env var before deploying to production"}
{"timestamp":"2026-06-28T12:54:59.137Z","level":"SECURITY","message":"Running with the insecure default JWT_SECRET — set a unique JWT_SECRET env var before deploying to production"}
{"timestamp":"2026-06-28T12:54:59.897Z","level":"SECURITY","message":"Running with the insecure default JWT_SECRET — set a unique JWT_SECRET env var before deploying to production"}
{"timestamp":"2026-06-28T12:55:00.957Z","level":"SECURITY","message":"Running with the insecure default JWT_SECRET — set a unique JWT_SECRET env var before deploying to production"}
{"timestamp":"2026-06-28T12:57:17.519Z","level":"SECURITY","message":"Failed login attempt - wrong password","email":"procurement@vendorportal.com","ip":"::1","userId":"ec2a2aad-9b0d-4a91-8b59-13c673002917"}
{"timestamp":"2026-06-28T13:06:41.995Z","level":"SECURITY","message":"Running with the insecure default JWT_SECRET — set a unique JWT_SECRET env var before deploying to production"}
{"timestamp":"2026-06-28T13:09:35.969Z","level":"SECURITY","message":"Running with the insecure default JWT_SECRET — set a unique JWT_SECRET env var before deploying to production"}
{"timestamp":"2026-06-28T13:09:37.795Z","level":"SECURITY","message":"Running with the insecure default JWT_SECRET — set a unique JWT_SECRET env var before deploying to production"}
{"timestamp":"2026-06-28T13:14:59.578Z","level":"SECURITY","message":"Running with the insecure default JWT_SECRET — set a unique JWT_SECRET env var before deploying to production"}
{"timestamp":"2026-06-28T13:15:13.593Z","level":"SECURITY","message":"Running with the insecure default JWT_SECRET — set a unique JWT_SECRET env var before deploying to production"}
{"timestamp":"2026-06-28T13:19:13.625Z","level":"SECURITY","message":"Running with the insecure default JWT_SECRET — set a unique JWT_SECRET env var before deploying to production"}
{"timestamp":"2026-06-28T13:38:11.261Z","level":"SECURITY","message":"Failed login attempt - wrong password","email":"procurement@vendorportal.com","ip":"::1","userId":"ec2a2aad-9b0d-4a91-8b59-13c673002917"}
{"timestamp":"2026-06-28T13:41:34.644Z","level":"SECURITY","message":"Running with the insecure default JWT_SECRET — set a unique JWT_SECRET env var before deploying to production"}
{"timestamp":"2026-06-28T13:41:58.683Z","level":"SECURITY","message":"Running with the insecure default JWT_SECRET — set a unique JWT_SECRET env var before deploying to production"}
{"timestamp":"2026-06-28T13:42:16.926Z","level":"SECURITY","message":"Running with the insecure default JWT_SECRET — set a unique JWT_SECRET env var before deploying to production"}
{"timestamp":"2026-06-28T13:54:06.276Z","level":"SECURITY","message":"Failed login attempt - wrong password","email":"procurement@vendorportal.com","ip":"::1","userId":"ec2a2aad-9b0d-4a91-8b59-13c673002917"}
{"timestamp":"2026-06-28T14:02:03.332Z","level":"SECURITY","message":"Running with the insecure default JWT_SECRET — set a unique JWT_SECRET env var before deploying to production"}
{"timestamp":"2026-06-28T14:02:53.588Z","level":"SECURITY","message":"Running with the insecure default JWT_SECRET — set a unique JWT_SECRET env var before deploying to production"}
{"timestamp":"2026-06-28T14:11:56.014Z","level":"SECURITY","message":"Running with the insecure default JWT_SECRET — set a unique JWT_SECRET env var before deploying to production"}
{"timestamp":"2026-06-28T14:13:02.965Z","level":"SECURITY","message":"Running with the insecure default JWT_SECRET — set a unique JWT_SECRET env var before deploying to production"}
{"timestamp":"2026-06-28T14:19:09.830Z","level":"SECURITY","message":"Running with the insecure default JWT_SECRET — set a unique JWT_SECRET env var before deploying to production"}
{"timestamp":"2026-06-28T14:20:56.359Z","level":"SECURITY","message":"Failed login attempt - wrong password","email":"procurement@vendorportal.com","ip":"::1","userId":"ec2a2aad-9b0d-4a91-8b59-13c673002917"}
{"timestamp":"2026-06-28T15:06:58.763Z","level":"SECURITY","message":"Running with the insecure default JWT_SECRET — set a unique JWT_SECRET env var before deploying to production"}
{"timestamp":"2026-06-28T15:07:32.561Z","level":"SECURITY","message":"Running with the insecure default JWT_SECRET — set a unique JWT_SECRET env var before deploying to production"}
{"timestamp":"2026-06-28T15:08:40.052Z","level":"SECURITY","message":"Running with the insecure default JWT_SECRET — set a unique JWT_SECRET env var before deploying to production"}
{"timestamp":"2026-06-28T15:08:59.587Z","level":"SECURITY","message":"Running with the insecure default JWT_SECRET — set a unique JWT_SECRET env var before deploying to production"}
{"timestamp":"2026-06-28T15:16:31.411Z","level":"SECURITY","message":"Running with the insecure default JWT_SECRET — set a unique JWT_SECRET env var before deploying to production"}
{"timestamp":"2026-06-28T15:20:56.047Z","level":"SECURITY","message":"Running with the insecure default JWT_SECRET — set a unique JWT_SECRET env var before deploying to production"}
{"timestamp":"2026-06-28T15:21:44.170Z","level":"SECURITY","message":"Failed login attempt - wrong password","email":"procurement@vendorportal.com","ip":"::1","userId":"ec2a2aad-9b0d-4a91-8b59-13c673002917"}
{"timestamp":"2026-06-28T16:15:29.528Z","level":"SECURITY","message":"Failed login attempt - user not found","email":"procurementadmin@jc.in","ip":"::1"}
{"timestamp":"2026-06-29T03:25:53.360Z","level":"SECURITY","message":"Failed login attempt - wrong password","email":"procurementadmin@se.com","ip":"::1","userId":"bf975d4b-1794-4184-aa4f-24e187b1fdc3"}
{"timestamp":"2026-06-29T03:40:07.246Z","level":"SECURITY","message":"Running with the insecure default JWT_SECRET — set a unique JWT_SECRET env var before deploying to production"}
{"timestamp":"2026-06-29T03:42:23.102Z","level":"SECURITY","message":"Running with the insecure default JWT_SECRET — set a unique JWT_SECRET env var before deploying to production"}
{"timestamp":"2026-06-29T06:56:49.627Z","level":"SECURITY","message":"Failed login attempt - user not found","email":"siemens@simens.com","ip":"::1"}
{"timestamp":"2026-06-29T06:56:58.751Z","level":"SECURITY","message":"Failed login attempt - user not found","email":"siemens@simens.com","ip":"::1"}
{"timestamp":"2026-06-29T08:03:32.847Z","level":"SECURITY","message":"Failed login attempt - wrong password","email":"mdm@se.com","ip":"::1","userId":"e281a67d-213b-46a8-b300-e40324d73206"}
{"timestamp":"2026-06-29T08:10:55.220Z","level":"SECURITY","message":"Running with the insecure default JWT_SECRET — set a unique JWT_SECRET env var before deploying to production"}
{"timestamp":"2026-06-29T14:52:26.775Z","level":"SECURITY","message":"Running with the insecure default JWT_SECRET — set a unique JWT_SECRET env var before deploying to production"}
{"timestamp":"2026-06-29T15:37:32.975Z","level":"SECURITY","message":"Failed login attempt - wrong password","email":"L&T@jc.com","ip":"::1","userId":"e203ffe1-32dc-40bd-9964-5678d0d632fc"}
{"timestamp":"2026-06-29T15:39:11.222Z","level":"SECURITY","message":"Failed login attempt - wrong password","email":"procurementadmin@se.com","ip":"::1","userId":"bf975d4b-1794-4184-aa4f-24e187b1fdc3"}
{"timestamp":"2026-06-29T15:45:31.880Z","level":"SECURITY","message":"Failed login attempt - wrong password","email":"procurementadmin@jc.com","ip":"::1","userId":"c174c0df-7eac-41c9-b629-ee2f1b4c0ce4"}
{"timestamp":"2026-06-29T16:10:32.864Z","level":"SECURITY","message":"Running with the insecure default JWT_SECRET — set a unique JWT_SECRET env var before deploying to production"}
{"timestamp":"2026-06-29T16:10:54.939Z","level":"SECURITY","message":"Running with the insecure default JWT_SECRET — set a unique JWT_SECRET env var before deploying to production"}
{"timestamp":"2026-06-29T16:31:19.605Z","level":"SECURITY","message":"Running with the insecure default JWT_SECRET — set a unique JWT_SECRET env var before deploying to production"}
{"timestamp":"2026-06-29T16:35:31.770Z","level":"SECURITY","message":"Running with the insecure default JWT_SECRET — set a unique JWT_SECRET env var before deploying to production"}
{"timestamp":"2026-06-29T17:05:17.744Z","level":"SECURITY","message":"Running with the insecure default JWT_SECRET — set a unique JWT_SECRET env var before deploying to production"}
{"timestamp":"2026-06-29T17:09:40.657Z","level":"SECURITY","message":"Running with the insecure default JWT_SECRET — set a unique JWT_SECRET env var before deploying to production"}
{"timestamp":"2026-06-30T07:07:18.995Z","level":"SECURITY","message":"Running with the insecure default JWT_SECRET — set a unique JWT_SECRET env var before deploying to production"}
{"timestamp":"2026-07-01T07:08:19.662Z","level":"SECURITY","message":"Running with the insecure default JWT_SECRET — set a unique JWT_SECRET env var before deploying to production"}
{"timestamp":"2026-07-01T07:08:36.192Z","level":"SECURITY","message":"Running with the insecure default JWT_SECRET — set a unique JWT_SECRET env var before deploying to production"}
{"timestamp":"2026-07-01T09:06:08.931Z","level":"SECURITY","message":"Running with the insecure default JWT_SECRET — set a unique JWT_SECRET env var before deploying to production"}
{"timestamp":"2026-07-01T09:15:41.449Z","level":"SECURITY","message":"Running with the insecure default JWT_SECRET — set a unique JWT_SECRET env var before deploying to production"}
{"timestamp":"2026-07-01T09:15:47.715Z","level":"SECURITY","message":"Running with the insecure default JWT_SECRET — set a unique JWT_SECRET env var before deploying to production"}
{"timestamp":"2026-07-01T09:16:21.299Z","level":"SECURITY","message":"Running with the insecure default JWT_SECRET — set a unique JWT_SECRET env var before deploying to production"}
{"timestamp":"2026-07-01T09:18:51.800Z","level":"SECURITY","message":"Running with the insecure default JWT_SECRET — set a unique JWT_SECRET env var before deploying to production"}
{"timestamp":"2026-07-01T09:19:01.037Z","level":"SECURITY","message":"Running with the insecure default JWT_SECRET — set a unique JWT_SECRET env var before deploying to production"}
{"timestamp":"2026-07-01T09:19:12.838Z","level":"SECURITY","message":"Running with the insecure default JWT_SECRET — set a unique JWT_SECRET env var before deploying to production"}
{"timestamp":"2026-07-01T09:19:18.983Z","level":"SECURITY","message":"Running with the insecure default JWT_SECRET — set a unique JWT_SECRET env var before deploying to production"}
{"timestamp":"2026-07-01T09:20:03.489Z","level":"SECURITY","message":"Running with the insecure default JWT_SECRET — set a unique JWT_SECRET env var before deploying to production"}
{"timestamp":"2026-07-01T09:20:20.148Z","level":"SECURITY","message":"Running with the insecure default JWT_SECRET — set a unique JWT_SECRET env var before deploying to production"}
{"timestamp":"2026-07-01T09:20:29.458Z","level":"SECURITY","message":"Running with the insecure default JWT_SECRET — set a unique JWT_SECRET env var before deploying to production"}
{"timestamp":"2026-07-01T09:23:44.346Z","level":"SECURITY","message":"Running with the insecure default JWT_SECRET — set a unique JWT_SECRET env var before deploying to production"}
{"timestamp":"2026-07-01T09:23:52.466Z","level":"SECURITY","message":"Running with the insecure default JWT_SECRET — set a unique JWT_SECRET env var before deploying to production"}
{"timestamp":"2026-07-02T03:14:06.700Z","level":"SECURITY","message":"Running with the insecure default JWT_SECRET — set a unique JWT_SECRET env var before deploying to production"}
{"timestamp":"2026-07-02T05:44:47.538Z","level":"SECURITY","message":"Running with the insecure default JWT_SECRET — set a unique JWT_SECRET env var before deploying to production"}
{"timestamp":"2026-07-02T12:41:13.520Z","level":"SECURITY","message":"Running with the insecure default JWT_SECRET — set a unique JWT_SECRET env var before deploying to production"}
{"timestamp":"2026-07-02T12:44:24.243Z","level":"SECURITY","message":"Failed login attempt - user not found","email":"' OR 1=1 --","ip":"::1"}
{"timestamp":"2026-07-02T12:44:24.582Z","level":"SECURITY","message":"Failed login attempt - user not found","email":"test@test.com","ip":"::1"}
{"timestamp":"2026-07-02T12:49:10.524Z","level":"SECURITY","message":"Running with the insecure default JWT_SECRET — set a unique JWT_SECRET env var before deploying to production"}
{"timestamp":"2026-07-03T01:02:36.843Z","level":"SECURITY","message":"Running with the insecure default JWT_SECRET — set a unique JWT_SECRET env var before deploying to production"}
{"timestamp":"2026-07-05T08:05:08.740Z","level":"SECURITY","message":"Running with the insecure default JWT_SECRET — set a unique JWT_SECRET env var before deploying to production"}
{"timestamp":"2026-07-05T08:05:45.253Z","level":"SECURITY","message":"Running with the insecure default JWT_SECRET — set a unique JWT_SECRET env var before deploying to production"}
{"timestamp":"2026-07-05T08:08:50.253Z","level":"SECURITY","message":"Running with the insecure default JWT_SECRET — set a unique JWT_SECRET env var before deploying to production"}
